GL_LOG_FILE log. local time Thu Jun  8 15:55:41 2017
build version: Jun  8 2017 15:55:39

starting GLFW
3.2.1 Cocoa NSGL chdir menubar retina dynamic
renderer: NVIDIA GeForce GTX 660M OpenGL Engine
version: 2.1 NVIDIA-10.12.68 355.10.05.05b16
GL Context Params:
GL_MAX_COMBINED_TEXTURE_IMAGE_UNITS 16
GL_MAX_CUBE_MAP_TEXTURE_SIZE 16384
GL_MAX_DRAW_BUFFERS 8
GL_MAX_FRAGMENT_UNIFORM_COMPONENTS 2048
GL_MAX_TEXTURE_IMAGE_UNITS 16
GL_MAX_TEXTURE_SIZE 16384
GL_MAX_VARYING_FLOATS 124
GL_MAX_VERTEX_ATTRIBS 16
GL_MAX_VERTEX_TEXTURE_IMAGE_UNITS 16
GL_MAX_VERTEX_UNIFORM_COMPONENTS 4096
GL_MAX_VIEWPORT_DIMS 16384 16384
GL_STEREO 0
-----------------------------
